2017-04-17 12:10:22,642 INFO  [Log] Test Scenario Configuration started 
2017-04-17 12:10:22,662 INFO  [Log] Initialing HTML reporting 
2017-04-17 12:10:24,178 INFO  [Log] Starting Test Suit Execution 
2017-04-17 12:10:24,178 INFO  [Log] Creating Test suit report 
2017-04-17 12:10:25,292 WARN  [Log] Browser instance value is null 
2017-04-17 12:10:25,990 INFO  [Log] Object repository is created successfully 
2017-04-17 12:10:26,131 INFO  [Log] RateGain-1_RateGain -1 
2017-04-17 12:10:26,408 INFO  [Log] RateGain-2_RateGain -2 
2017-04-17 12:10:26,594 INFO  [Log] RateGain-3_RateGain -3 
2017-04-17 12:10:26,766 INFO  [Log] RateGain-4_RateGain -4 
2017-04-17 12:10:26,959 INFO  [Log] **************************************************************************************** 
2017-04-17 12:10:26,959 INFO  [Log] $$$$$$$$$$$$$$$$$$$$$                 #### Executing Test case: RateGain-5; Description: RateGain -5 For Data: 1       $$$$$$$$$$$$$$$$$$$$$$$$$ 
2017-04-17 12:10:26,959 INFO  [Log] **************************************************************************************** 
2017-04-17 12:10:38,911 INFO  [Log] #### Executing Test case: RateGain-5; Description: RateGain -5 In Chrome Browser for TestData:1 
2017-04-17 12:10:41,463 INFO  [Log] RG-01: Open URL; Action: open URL 
2017-04-17 12:10:46,516 INFO  [Log] RG-02; Not Waited 5000: Milli seconds for Element; Manual Wait is disabled 
2017-04-17 12:10:46,812 INFO  [Log] RG-03: Username; Action: Submited Value 
2017-04-17 12:10:47,815 INFO  [Log] RG-04; Not Waited 1000: Milli seconds for Element; Manual Wait is disabled 
2017-04-17 12:10:48,054 INFO  [Log] RG-05: Password; Action: Submited Value 
2017-04-17 12:10:50,077 INFO  [Log] RG-06; Not Waited 2000: Milli seconds for Element; Manual Wait is disabled 
2017-04-17 12:10:52,758 INFO  [Log] RG-07: clkLogin: Action click 
2017-04-17 12:10:53,758 INFO  [Log] RG-08; Not Waited 1000: Milli seconds for Element; Manual Wait is disabled 
2017-04-17 12:11:04,087 INFO  [Log] RG-09: clkLogin: Action Element is not present moving to next step 
2017-04-17 12:11:05,092 INFO  [Log] RG-10; Not Waited 1000: Milli seconds for Element; Manual Wait is disabled 
2017-04-17 12:11:10,439 INFO  [Log] RG-11: Username: Action Element is not present moving to next step 
2017-04-17 12:11:11,445 INFO  [Log] RG-12; Not Waited 1000: Milli seconds for Element; Manual Wait is disabled 
2017-04-17 12:11:16,744 INFO  [Log] RG-13: Password: Action Element is not present moving to next step 
2017-04-17 12:11:22,748 INFO  [Log] RG-14; Not Waited 6000: Milli seconds for Element; Manual Wait is disabled 
2017-04-17 12:11:31,095 INFO  [Log] RG-15: clkLogin: Action Element is not present moving to next step 
2017-04-17 12:11:34,096 INFO  [Log] RG-16; Not Waited 3000: Milli seconds for Element; Manual Wait is disabled 
2017-04-17 12:11:35,795 INFO  [Log] RG-17: ClickAdd: Action click 
2017-04-17 12:11:38,818 INFO  [Log] RG-18; Not Waited 3000: Milli seconds for Element; Manual Wait is disabled 
2017-04-17 12:11:38,979 INFO  [Log] RG-19: SelectIT: Action click 
2017-04-17 12:11:43,981 INFO  [Log] RG-20; Not Waited 5000: Milli seconds for Element; Manual Wait is disabled 
2017-04-17 12:11:44,180 INFO  [Log] RG-21: DropDownSelectIT; Action: Drop Down Select 
2017-04-17 12:11:49,181 INFO  [Log] RG-22; Not Waited 5000: Milli seconds for Element; Manual Wait is disabled 
2017-04-17 12:11:49,410 INFO  [Log] RG-23: ClkGroup; Action: Submited Value 
2017-04-17 12:11:54,411 INFO  [Log] RG-24; Not Waited 5000: Milli seconds for Element; Manual Wait is disabled 
2017-04-17 12:12:02,760 INFO  [Log] RG-25: ClkGroupCnfrm: Action Element is not present moving to next step 
2017-04-17 12:12:07,760 INFO  [Log] RG-26; Not Waited 5000: Milli seconds for Element; Manual Wait is disabled 
2017-04-17 12:12:08,189 INFO  [Log] RG-27: ClkDatePicker: Action click 
2017-04-17 12:12:13,191 INFO  [Log] RG-28; Not Waited 5000: Milli seconds for Element; Manual Wait is disabled 
2017-04-17 12:12:13,290 ERROR [Log] Error#: RateGain-1RG-29XpathDatePicker  java.lang.ArrayIndexOutOfBoundsException: 0null:Exception is not handled 
2017-04-17 12:12:21,114 INFO  [Log] Quiting all instance of Browser(Firefox) 
2017-04-17 12:12:21,929 INFO  [Log] Quiting all instance of Browser(Chrome) 
2017-04-17 12:12:22,791 INFO  [Log] Quiting all instance of Browser(Internet explorer) 
2017-04-17 12:12:22,791 INFO  [Log] XXXXXXXXXXXXXXXXXXXXXXX             -E---N---D Test Case             XXXXXXXXXXXXXXXXXXXXXX 
2017-04-17 12:12:22,791 FATAL [Log] RateGain-1RG-29XpathDatePicker  java.lang.ArrayIndexOutOfBoundsException: 0null:Exception is not handled 
2017-04-17 12:12:22,812 INFO  [Log] XXXXXXXXXXXXXXXXXXXXXXX             -E---N---D Test Case             XXXXXXXXXXXXXXXXXXXXXX 
2017-04-17 12:12:23,004 INFO  [Log] RateGain-6_RateGain -6 
2017-04-17 12:12:23,277 INFO  [Log] ####Closing Test Suite #### 
2017-04-17 12:12:23,277 INFO  [Log] XXXXXXXXXXXXXXXXXXXXXXX             -E---N---D Test Case             XXXXXXXXXXXXXXXXXXXXXX 
2017-04-17 12:12:23,277 INFO  [Log] Creating Logs backup and storing for further reference 
