2017-03-20 15:35:11,946 INFO  [Log] Test Scenario Configuration started 
2017-03-20 15:35:12,046 INFO  [Log] Initialing HTML reporting 
2017-03-20 15:35:12,520 INFO  [Log] Starting Test Suit Execution 
2017-03-20 15:35:12,520 INFO  [Log] Creating Test suit report 
2017-03-20 15:35:13,413 WARN  [Log] Browser instance value is null 
2017-03-20 15:35:14,181 INFO  [Log] Object repository is created successfully 
2017-03-20 15:35:14,313 INFO  [Log] **************************************************************************************** 
2017-03-20 15:35:14,313 INFO  [Log] $$$$$$$$$$$$$$$$$$$$$                 #### Executing Test case: RateGain-1; Description: Sample-1 For Data: 1       $$$$$$$$$$$$$$$$$$$$$$$$$ 
2017-03-20 15:35:14,313 INFO  [Log] **************************************************************************************** 
2017-03-20 15:35:25,594 INFO  [Log] #### Executing Test case: RateGain-1; Description: Sample-1 In Chrome Browser for TestData:1 
2017-03-20 15:35:53,035 INFO  [Log] RG-01: Open URL; Action: open URL 
2017-03-20 15:36:03,086 INFO  [Log] RG-02; Not Waited 10000: Milli seconds for Element; Manual Wait is disabled 
2017-03-20 15:36:03,347 INFO  [Log] RG-03: Enter User ID: Action Submit If 
2017-03-20 15:36:03,462 INFO  [Log] RG-04: Enter Password: Action Submit If 
2017-03-20 15:36:20,626 INFO  [Log] RG-05: Click on Login: Action click 
2017-03-20 15:36:30,648 INFO  [Log] RG-06; Not Waited 10000: Milli seconds for Element; Manual Wait is disabled 
2017-03-20 15:36:30,802 INFO  [Log] RG-07: EnterPriceClick: Action click 
2017-03-20 15:36:40,802 INFO  [Log] RG-08; Not Waited 10000: Milli seconds for Element; Manual Wait is disabled 
2017-03-20 15:36:53,131 INFO  [Log] RG-09: ToolTipNavigation: ToolTipNavigation 
2017-03-20 15:37:03,147 INFO  [Log] RG-10; Not Waited 10000: Milli seconds for Element; Manual Wait is disabled 
2017-03-20 15:37:08,003 INFO  [Log] Cleanliness: 8.27 | Individual Coverage: 15.07% | Cumulative Coverage: 15.07%; Value has been stored in index: 0 
2017-03-20 15:37:18,009 INFO  [Log] RG-12; Not Waited 10000: Milli seconds for Element; Manual Wait is disabled 
2017-03-20 15:37:18,009 ERROR [Log] Error#: RateGain-1CaptureVerifyexcel:Invalid Action Kewyordjava.lang.NoSuchMethodException: Configuration.ActionKeyword.CaptureVerifyexcel() 
2017-03-20 15:37:20,962 INFO  [Log] Quiting all instance of Browser(Firefox) 
2017-03-20 15:37:21,253 INFO  [Log] Quiting all instance of Browser(Chrome) 
2017-03-20 15:37:21,503 INFO  [Log] Quiting all instance of Browser(Internet explorer) 
2017-03-20 15:37:21,503 INFO  [Log] XXXXXXXXXXXXXXXXXXXXXXX             -E---N---D Test Case             XXXXXXXXXXXXXXXXXXXXXX 
2017-03-20 15:37:21,503 FATAL [Log] RateGain-1CaptureVerifyexcel:Invalid Action Kewyordjava.lang.NoSuchMethodException: Configuration.ActionKeyword.CaptureVerifyexcel() 
2017-03-20 15:37:21,573 INFO  [Log] XXXXXXXXXXXXXXXXXXXXXXX             -E---N---D Test Case             XXXXXXXXXXXXXXXXXXXXXX 
2017-03-20 15:37:21,909 INFO  [Log] RateGain-2_RateGain -2 
2017-03-20 15:37:22,135 INFO  [Log] RateGain-3_RateGain -3 
2017-03-20 15:37:22,376 INFO  [Log] RateGain-4_RateGain -4 
2017-03-20 15:37:22,570 INFO  [Log] RateGain-5_RateGain -5 
2017-03-20 15:37:22,781 INFO  [Log] ####Closing Test Suite #### 
2017-03-20 15:37:22,781 INFO  [Log] XXXXXXXXXXXXXXXXXXXXXXX             -E---N---D Test Case             XXXXXXXXXXXXXXXXXXXXXX 
2017-03-20 15:37:22,781 INFO  [Log] Creating Logs backup and storing for further reference 
